2024-04-15T12:59:13.148Z
cwd: ~/Documents/github prototypes/prototype-spay-winter-fuel
package: govuk-prototype-kit@13.16.2
argv: /usr/local/bin/node ~/.npm/_npx/751a68202a4807b7/node_modules/.bin/govuk-prototype-kit migrate
Started [Check migration is being applied to a pre v13 prototype]
Succeeded [Check migration is being applied to a pre v13 prototype]
2024-04-15T12:59:19.936Z
cwd: ~/Documents/github prototypes/prototype-spay-winter-fuel
package: govuk-prototype-kit@13.16.2
argv: /usr/local/bin/node ~/Documents/github prototypes/prototype-spay-winter-fuel/node_modules/.bin/govuk-prototype-kit migrate -- ~/Documents/github prototypes/prototype-spay-winter-fuel
Started [Migrate config.js to config.json]
Started [Update application SCSS file]
Started [Deleted files that are no longer needed]
Started [Deleted directories that are no longer needed]
Started [Delete listen-on-port.js]
Started [Delete server.js]
Started [Delete start.js]
Started [Delete VERSION.txt]
Started [Delete Procfile]
Started [Delete app/assets/sass/application-ie8.scss]
Started [Remove unused directory docs]
Started [Remove unused directory lib]
Started [Remove unused directory public]
Succeeded [Migrate config.js to config.json]
Succeeded [Delete listen-on-port.js]
Succeeded [Delete server.js]
Succeeded [Delete start.js]
Succeeded [Delete Procfile]
Succeeded [Delete app/assets/sass/application-ie8.scss]
Succeeded [Delete VERSION.txt]
Succeeded [Deleted files that are no longer needed]
Found [// Add your routes here - above the module.exports line] in [app/routes.js], replacing
Started [Overwrite app/filters.js]
Started [Overwrite app/assets/javascripts/application.js]
Started [Overwrite app/views/layout.html]
Keeping these lines from old file
Found [// Add extra styles here, or re-organise the Sass files in whichever way makes most sense to you] in [app/assets/sass/application.scss], replacing
Started [Delete app/assets/images/separator-2x.png]
Started [Delete app/assets/images/separator.png]
Started [Delete app/assets/javascripts/auto-store-data.js]
Started [Delete app/assets/images/unbranded.ico]
Started [Delete app/views/layout_unbranded.html]
Started [Delete app/assets/sass/unbranded.scss]
Started [Delete app/assets/sass/patterns/_mainstream-guide.scss]
Started [Delete app/assets/sass/patterns/_contents-list.scss]
Started [Delete app/assets/sass/patterns/_check-your-answers.scss]
Started [Delete app/assets/javascripts/jquery-1.11.3.js]
Started [Delete app/assets/sass/patterns/_related-items.scss]
Started [Delete app/assets/sass/patterns/_step-by-step-related.scss]
Started [Update app/filters.js]
Started [Update app/assets/javascripts/application.js]
Started [Delete app/assets/sass/patterns/_step-by-step-header.scss]
Failed [Overwrite app/views/layout.html]
Started [Delete app/assets/sass/patterns/_task-list.scss]
Started [Delete app/assets/sass/patterns/_step-by-step-navigation.scss]
Started [Delete app/assets/sass/patterns/_pagination.scss]
Started [Delete app/assets/sass/patterns/_step-by-step-nav.scss]
Keeping these lines from old file
Failed [Delete app/assets/sass/patterns/_check-your-answers.scss]
Succeeded [Delete app/assets/images/separator-2x.png]
Succeeded [Delete app/assets/images/unbranded.ico]
Succeeded [Delete app/assets/javascripts/auto-store-data.js]
Succeeded [Delete app/views/layout_unbranded.html]
Succeeded [Delete app/assets/sass/patterns/_mainstream-guide.scss]
Succeeded [Delete app/assets/sass/unbranded.scss]
Succeeded [Delete app/assets/sass/patterns/_contents-list.scss]
Succeeded [Delete app/assets/javascripts/jquery-1.11.3.js]
Succeeded [Delete app/assets/sass/patterns/_related-items.scss]
Succeeded [Delete app/assets/sass/patterns/_step-by-step-related.scss]
Succeeded [Delete app/assets/images/separator.png]
Succeeded [Delete app/assets/sass/patterns/_task-list.scss]
Succeeded [Delete app/assets/sass/patterns/_step-by-step-header.scss]
Succeeded [Delete app/assets/sass/patterns/_step-by-step-navigation.scss]
Succeeded [Delete app/assets/sass/patterns/_pagination.scss]
Succeeded [Delete app/assets/sass/patterns/_step-by-step-nav.scss]
Succeeded [Update application SCSS file]
//,// For guidance on how to create routes see:,// https://prototype-kit.service.gov.uk/docs/create-routes,//,,const govukPrototypeKit = require('govuk-prototype-kit'),const router = govukPrototypeKit.requests.setupRouter(),,// Add your routes here,,// Branching,,router.get('/sprint3/qq123456c_main2', function (req, res) {,  // Get the answer from the query string (eg. ?over18=false),  var dob = req.query.dob,,  if (dob === 'false') {,    // Redirect to the relevant page,    res.redirect('/sprint3/qq123456c_dob'),  },,  else {,    // If over18 is any other value (or is missing) render the page requested,    res.render('sprint3/qq123456c_main2'),  },}),,router.get('/sprint3/qq123456c_dob2', function (req, res) {,  // Get the answer from the query string (eg. ?over18=false),  var dob2 = req.query.dob2,,  if (dob2 === 'false') {,    // Redirect to the relevant page,    res.redirect('/sprint3/qq123456c_evidence'),  } else {,,    res.render('sprint3/qq123456c_dob2'),  },}),,router.post(`/development/payment-letter-router`, (req, res) => { // router name,  const privacyPolicy = req.session.data['payment-letter-yn']  // name of data / id name,,  if (privacyPolicy === 'Yes') { // name of data / + answer,    res.redirect(`/development/has-letter`),  } else {,    res.redirect(`/development/post-code-lookup`),  },}),,,///// Sprint 17 routes ////,,router.get('/sprint17/', function(req, res) {,  res.render('./sprint17/whattodo'),}),,router.post('/sprint15/international/declaration', function(req, res) {,  res.redirect('/sprint15/international/applicationcomplete'),}),,,// new routes from 2023///,,router.post('/current/record-view/contact-tab/address/new-address', function (req, res) { ,  var whereAddress = req.session.data['whereAddress']  ,,  if (whereAddress == 'yes') { ,    res.redirect('/current/record-view/contact-tab/address/uk-address'),  } ,  if (whereAddress == 'no') { ,    res.redirect('/current/record-view/contact-tab/address/int-address'),  },}),,router.post('/current/tasks/request-manual-payment/get-next-manual-payment', function (req, res) { ,  var approve = req.session.data['approve']  ,,  if (approve == 'yes') { ,    res.redirect('/current/tasks/request-manual-payment/request-manual-payment-2nd'),  } ,  if (approve == 'decline-and-update') { ,    res.redirect('/current/tasks/request-manual-payment/request-manual-payment-3rd'),  },  if (approve == 'decline-and-close') { ,    res.redirect('/current/tasks/request-manual-payment/request-manual-payment-v2'),  },}),,/*router.post('/current/record-view/contact-tab/address/occupancy-change', function (req, res) { ,  var liveWith = req.session.data['liveWith']  ,,  if (liveWith == 'yes') { ,    res.redirect('/current/record-view/contact-tab/address/living-with'),  } ,  if (liveWith == 'no') { ,    res.redirect('/current/record-view/contact-tab/address/update-contact-dets'),  },}) */,,module.exports = router,
Succeeded [Update app/assets/javascripts/application.js]
Found [module.exports = router;,module.exports = router] in [app/routes.js], removing
Succeeded [Overwrite app/assets/javascripts/application.js]
Succeeded [Remove unused directory lib]
Succeeded [Remove unused directory public]
Succeeded [Update app/filters.js]
Succeeded [Update routes file]
Succeeded [Overwrite app/filters.js]
Succeeded [Remove unused directory docs]
Succeeded [Deleted directories that are no longer needed]
ENOENT: no such file or directory, stat '/Users/ryan.forbes1/Documents/github prototypes/prototype-spay-winter-fuel/app/views/layout_unbranded.html'
Error: ENOENT: no such file or directory, stat '/Users/ryan.forbes1/Documents/github prototypes/prototype-spay-winter-fuel/app/views/layout_unbranded.html'
    at async Object.stat (node:internal/fs/promises:1029:18)
    at async /Users/ryan.forbes1/Documents/github prototypes/prototype-spay-winter-fuel/node_modules/govuk-prototype-kit/lib/utils/index.js:253:22
    at async asyncSeriesMap (/Users/ryan.forbes1/Documents/github prototypes/prototype-spay-winter-fuel/node_modules/govuk-prototype-kit/lib/utils/asyncSeriesMap.js:5:18)
    at async searchAndReplaceFiles (/Users/ryan.forbes1/Documents/github prototypes/prototype-spay-winter-fuel/node_modules/govuk-prototype-kit/lib/utils/index.js:251:25)
    at async updateUnbrandedLayouts (/Users/ryan.forbes1/Documents/github prototypes/prototype-spay-winter-fuel/node_modules/govuk-prototype-kit/migrator/migration-steps.js:256:19)
    at async Promise.all (index 7)
    at async Object.migrate (/Users/ryan.forbes1/Documents/github prototypes/prototype-spay-winter-fuel/node_modules/govuk-prototype-kit/migrator/index.js:128:33)
    at async runMigrate (/Users/ryan.forbes1/Documents/github prototypes/prototype-spay-winter-fuel/node_modules/govuk-prototype-kit/bin/cli:391:5)
